<?xml version="1.0" encoding="UTF-8"?>
<!-- Generated by org.testng.reporters.JUnitReportReporter -->
<testsuite skipped="0" hostname="Vignesh-Personal" name="com.movie.select.test.bookticketstest" tests="1" failures="0" timestamp="27 Feb 2021 10:34:05 GMT" time="107.561" errors="0">
  <testcase name="select" time="107.561" classname="com.movie.select.test.bookticketstest"/>
</testsuite> <!-- com.movie.select.test.bookticketstest -->
