<?xml version="1.0" encoding="UTF-8"?>
<!-- Generated by org.testng.reporters.JUnitReportReporter -->
<testsuite skipped="0" hostname="Vignesh-Personal" name="com.movie.select.test.selectcitytest" tests="1" failures="0" timestamp="27 Feb 2021 05:16:31 GMT" time="33.453" errors="0">
  <testcase name="selectcity" time="33.453" classname="com.movie.select.test.selectcitytest"/>
</testsuite> <!-- com.movie.select.test.selectcitytest -->
