<?xml version="1.0" encoding="UTF-8"?>
<!-- Generated by org.testng.reporters.JUnitReportReporter -->
<testsuite skipped="0" hostname="Vignesh-Personal" name="com.movie.select.test.movieselecttest" tests="1" failures="0" timestamp="27 Feb 2021 10:04:27 GMT" time="46.839" errors="0">
  <testcase name="movieselect" time="46.839" classname="com.movie.select.test.movieselecttest"/>
</testsuite> <!-- com.movie.select.test.movieselecttest -->
