<?xml version="1.0" encoding="UTF-8"?>
<!-- Generated by org.testng.reporters.JUnitReportReporter -->
<testsuite skipped="0" hostname="Vignesh-Personal" name="com.movie.select.test.selectseattest" tests="6" failures="0" timestamp="01 Mar 2021 11:58:16 GMT" time="265.340" errors="0">
  <testcase name="getTestData" time="1.899" classname="com.movie.select.test.selectseattest"/>
  <testcase name="validateSelectCity" time="4.453" classname="com.movie.select.test.selectseattest"/>
  <testcase name="validateSelectMovie" time="26.815" classname="com.movie.select.test.selectseattest"/>
  <testcase name="validateBookTicket" time="5.918" classname="com.movie.select.test.selectseattest"/>
  <testcase name="validateSelectNumOfTickets" time="17.258" classname="com.movie.select.test.selectseattest"/>
  <testcase name="selectSeat" time="208.997" classname="com.movie.select.test.selectseattest"/>
</testsuite> <!-- com.movie.select.test.selectseattest -->
